root@v2202305199910228407:~# cat lynis_audit.log 

[ Lynis 3.0.7 ]

################################################################################
  Lynis comes with ABSOLUTELY NO WARRANTY. This is free software, and you are
  welcome to redistribute it under the terms of the GNU General Public License.
  See the LICENSE file for details about using this software.

  2007-2021, CISOfy - https://cisofy.com/lynis/
  Enterprise support available (compliance, plugins, interface and tools)
################################################################################


[+] Initializing program
------------------------------------
- Detecting OS...  [ DONE ]
- Checking profiles... [ DONE ]

  ---------------------------------------------------
  Program version:           3.0.7
  Operating system:          Linux
  Operating system name:     Ubuntu
  Operating system version:  22.04
  Kernel version:            5.15.0
  Hardware platform:         x86_64
  Hostname:                  v2202305199910228407
  ---------------------------------------------------
  Profiles:                  /etc/lynis/default.prf
  Log file:                  /dev/null
  Report file:               /var/log/lynis-report.dat
  Report version:            1.0
  Plugin directory:          /etc/lynis/plugins
  ---------------------------------------------------
  Auditor:                   [Not Specified]
  Language:                  en
  Test category:             all
  Test group:                all
  ---------------------------------------------------
- Program update status...  [ NO UPDATE ]

[+] System tools
------------------------------------
- Scanning available tools...
- Checking system binaries...

[+] Program Details
------------------------------------
- Verbose mode [ YES ]
- Debug mode [ NO ]

[+] Plugins (phase 1)
------------------------------------
Note: plugins have more extensive tests and may take several minutes to complete
 
- Plugin: debian

[+] Debian Tests
------------------------------------
- Checking for system binaries that are required by Debian Tests...
- Checking /bin...  [ FOUND ]
- Checking /sbin...  [ FOUND ]
- Checking /usr/bin...  [ FOUND ]
- Checking /usr/sbin...  [ FOUND ]
- Checking /usr/local/bin...  [ FOUND ]
- Checking /usr/local/sbin...  [ FOUND ]
- Authentication:
- PAM (Pluggable Authentication Modules):
- libpam-tmpdir [ Not Installed ]
- File System Checks:
- DM-Crypt, Cryptsetup & Cryptmount:
- Checking / on /dev/vda3 [ NOT ENCRYPTED ]
- Checking /snap/snapd/19361 on /var/lib/snapd/snaps/snapd_19361.snap [ NOT ENCRYPTED ]
- Checking /snap/lxd/22923 on /var/lib/snapd/snaps/lxd_22923.snap [ NOT ENCRYPTED ]
- Checking /snap/lxd/24322 on /var/lib/snapd/snaps/lxd_24322.snap [ NOT ENCRYPTED ]
- Checking /snap/core20/1891 on /var/lib/snapd/snaps/core20_1891.snap [ NOT ENCRYPTED ]
- Checking /snap/core20/1405 on /var/lib/snapd/snaps/core20_1405.snap [ NOT ENCRYPTED ]
- Checking /boot on /dev/vda2 [ NOT ENCRYPTED ]
- Software:
- apt-listbugs [ Not Installed ]
- apt-listchanges [ Not Installed ]
- needrestart [ Installed ]
- fail2ban [ Not Installed ]

[+] Boot and services
------------------------------------
- Service Manager [ systemd ]
- Checking UEFI boot [ DISABLED ]
- Checking presence GRUB2 [ FOUND ]
- Checking for password protection [ NONE ]
- Check running services (systemctl) [ DONE ]
Result: found 28 running services
- Check enabled services at boot (systemctl) [ DONE ]
Result: found 44 enabled services
- Check startup files (permissions) [ OK ]
- Running 'systemd-analyze security'
- ModemManager.service: [ MEDIUM ]
- apache2.service: [ UNSAFE ]
- apport.service: [ UNSAFE ]
- cron.service: [ UNSAFE ]
- dbus.service: [ UNSAFE ]
- dm-event.service: [ UNSAFE ]
- dmesg.service: [ UNSAFE ]
- emergency.service: [ UNSAFE ]
- firewalld.service: [ UNSAFE ]
- getty@tty1.service: [ UNSAFE ]
- irqbalance.service: [ MEDIUM ]
- iscsid.service: [ UNSAFE ]
- lvm2-lvmpolld.service: [ UNSAFE ]
- lxd-agent.service: [ UNSAFE ]
- lynis.service: [ UNSAFE ]
- multipathd.service: [ UNSAFE ]
- openntpd.service: [ MEDIUM ]
- php8.1-fpm.service: [ UNSAFE ]
- plymouth-start.service: [ UNSAFE ]
- polkit.service: [ UNSAFE ]
- postfix@-.service: [ UNSAFE ]
- qemu-guest-agent.service: [ UNSAFE ]
- rc-local.service: [ UNSAFE ]
- rescue.service: [ UNSAFE ]
- rsyslog.service: [ UNSAFE ]
- shadowsocks-libev.service: [ MEDIUM ]
- snap.lxd.daemon.service: [ UNSAFE ]
- snap.lxd.user-daemon.service: [ UNSAFE ]
- snapd.aa-prompt-listener.service: [ UNSAFE ]
- snapd.service: [ UNSAFE ]
- ssh.service: [ UNSAFE ]
- systemd-ask-password-console.service: [ UNSAFE ]
- systemd-ask-password-plymouth.service: [ UNSAFE ]
- systemd-ask-password-wall.service: [ UNSAFE ]
- systemd-fsckd.service: [ UNSAFE ]
- systemd-initctl.service: [ UNSAFE ]
- systemd-journald.service: [ PROTECTED ]
- systemd-logind.service: [ PROTECTED ]
- systemd-networkd.service: [ PROTECTED ]
- systemd-resolved.service: [ PROTECTED ]
- systemd-rfkill.service: [ UNSAFE ]
- systemd-udevd.service: [ MEDIUM ]
- thermald.service: [ UNSAFE ]
- udisks2.service: [ UNSAFE ]
- unattended-upgrades.service: [ UNSAFE ]
- upower.service: [ PROTECTED ]
- user@1004.service: [ UNSAFE ]
- uuidd.service: [ PROTECTED ]

[+] Kernel
------------------------------------
- Checking default run level [ RUNLEVEL 5 ]
- Checking CPU support (NX/PAE)
CPU support: PAE and/or NoeXecute supported [ FOUND ]
- Checking kernel version and release [ DONE ]
- Checking kernel type [ DONE ]
- Checking loaded kernel modules [ DONE ]
Found 90 active modules
- Checking Linux kernel configuration file [ FOUND ]
- Checking default I/O kernel scheduler [ NOT FOUND ]
- Checking for available kernel update [ OK ]
- Checking core dumps configuration
- configuration in systemd conf files [ DEFAULT ]
- configuration in etc/profile [ DEFAULT ]
- 'hard' configuration in security/limits.conf [ DEFAULT ]
- 'soft' configuration in security/limits.conf [ DEFAULT ]
- Checking setuid core dumps configuration [ PROTECTED ]
- Check if reboot is needed [ NO ]

[+] Memory and Processes
------------------------------------
- Checking /proc/meminfo [ FOUND ]
- Searching for dead/zombie processes [ NOT FOUND ]
- Searching for IO waiting processes [ NOT FOUND ]
- Search prelink tooling [ NOT FOUND ]

[+] Users, Groups and Authentication
------------------------------------
- Administrator accounts [ OK ]
- Unique UIDs [ OK ]
- Consistency of group files (grpck) [ OK ]
- Unique group IDs [ OK ]
- Unique group names [ OK ]
- Password file consistency [ OK ]
- Password hashing methods [ SUGGESTION ]
- Checking password hashing rounds [ DISABLED ]
- Query system users (non daemons) [ DONE ]
- NIS+ authentication support [ NOT ENABLED ]
- NIS authentication support [ NOT ENABLED ]
- Sudoers file(s) [ FOUND ]
- Permissions for directory: /etc/sudoers.d [ WARNING ]
- Permissions for: /etc/sudoers [ OK ]
- Permissions for: /etc/sudoers.d/README [ OK ]
- PAM password strength tools [ SUGGESTION ]
- PAM configuration files (pam.conf) [ FOUND ]
- PAM configuration files (pam.d) [ FOUND ]
- PAM modules [ FOUND ]
- LDAP module in PAM [ NOT FOUND ]
- Accounts without expire date [ SUGGESTION ]
- Accounts without password [ OK ]
- Locked accounts [ FOUND ]
- Checking user password aging (minimum) [ DISABLED ]
- User password aging (maximum) [ DISABLED ]
- Checking expired passwords [ OK ]
- Checking Linux single user mode authentication [ OK ]
- Determining default umask
- umask (/etc/profile) [ NOT FOUND ]
- umask (/etc/login.defs) [ SUGGESTION ]
- LDAP authentication support [ NOT ENABLED ]
- Logging failed login attempts [ ENABLED ]

[+] Shells
------------------------------------
- Checking shells from /etc/shells
Result: found 10 shells (valid shells: 10).
- Session timeout settings/tools [ NONE ]
- Checking default umask values
- Checking default umask in /etc/bash.bashrc [ NONE ]
- Checking default umask in /etc/profile [ NONE ]

[+] File systems
------------------------------------
- Checking mount points
- Checking /home mount point [ SUGGESTION ]
- Checking /tmp mount point [ SUGGESTION ]
- Checking /var mount point [ SUGGESTION ]
- Checking LVM volume groups [ NONE ]
- Querying FFS/UFS mount points (fstab) [ NONE ]
- Query swap partitions (fstab) [ NONE ]
- Testing swap partitions [ OK ]
- Testing /proc mount (hidepid) [ SUGGESTION ]
- Checking for old files in /tmp [ OK ]
- Checking /tmp sticky bit [ OK ]
- Checking /var/tmp sticky bit [ OK ]
- ACL support root file system [ ENABLED ]
- Mount options of / [ OK ]
- Mount options of /boot [ DEFAULT ]
- Mount options of /dev [ PARTIALLY HARDENED ]
- Mount options of /dev/shm [ PARTIALLY HARDENED ]
- Mount options of /run [ HARDENED ]
- Total without nodev:7 noexec:13 nosuid:10 ro or noexec (W^X): 8 of total 30
- /var/tmp is not bound to /tmp [ INFO ]
- Swappiness: 60 [ INFO ]
- Disable kernel support of some filesystems

[+] USB Devices
------------------------------------
- Checking usb-storage driver (modprobe config) [ NOT DISABLED ]
- Checking USB devices authorization [ ENABLED ]
- Checking USBGuard [ NOT FOUND ]

[+] Storage
------------------------------------
- Checking firewire ohci driver (modprobe config) [ DISABLED ]

[+] NFS
------------------------------------
- Check running NFS daemon [ NOT FOUND ]

[+] Name services
------------------------------------
- Checking default DNS search domain [ NONE ]
- Checking search domains [ FOUND ]
- Checking /etc/resolv.conf options [ FOUND ]
- Searching DNS domain name [ FOUND ]
Domain name: ultrasrv.de
- Checking nscd status [ NOT FOUND ]
- Checking Unbound status [ NOT FOUND ]
- Checking BIND status [ NOT FOUND ]
- Checking PowerDNS status [ NOT FOUND ]
- Checking ypbind status [ NOT FOUND ]
- Checking /etc/hosts
- Duplicate entries in hosts file [ NONE ]
- Presence of configured hostname in /etc/hosts [ FOUND ]
- Hostname mapped to localhost [ NOT FOUND ]
- Localhost mapping to IP address [ OK ]

[+] Ports and packages
------------------------------------
- Searching package managers
- Searching dpkg package manager [ FOUND ]
- Querying package manager
- Query unpurged packages [ FOUND ]
- Checking security repository in sources.list file [ OK ]
- Checking APT package database [ OK ]
- Checking vulnerable packages (apt-get only) [ DONE ]
- Checking upgradeable packages [ SKIPPED ]
- Checking package audit tool [ INSTALLED ]
Found: apt-get
- Toolkit for automatic upgrades (unattended-upgrade) [ FOUND ]

[+] Networking
------------------------------------
- Hostname (FQDN length) [ OK ]
- Hostname (allowed characters) [ OK ]
- Checking IPv6 configuration [ ENABLED ]
Configuration method [ AUTO ]
IPv6 only [ NO ]
- Checking configured nameservers
- Testing nameservers
Nameserver: 127.0.0.53 [ OK ]
- DNSSEC supported (systemd-resolved) [ NO ]
- Checking default gateway [ DONE ]
- Getting listening ports (TCP/UDP) [ DONE ]
- Checking promiscuous interfaces [ OK ]
- Checking waiting connections [ OK ]
- Checking status DHCP client
- Checking for ARP monitoring software [ NOT FOUND ]
- Uncommon network protocols [ 0 ]

[+] Printers and Spools
------------------------------------
- Checking cups daemon [ NOT FOUND ]
- Checking lp daemon [ NOT RUNNING ]

[+] Software: e-mail and messaging
------------------------------------
- Exim status [ NOT FOUND ]
- Postfix status [ RUNNING ]
- Postfix configuration [ FOUND ]
- Postfix configuration errors [ OK ]
- Postfix banner [ WARNING ]
- Dovecot status [ NOT FOUND ]
- Qmail status [ NOT FOUND ]
- Sendmail status [ NOT FOUND ]

[+] Software: firewalls
------------------------------------
- Checking iptables kernel module [ FOUND ]
- Checking iptables policies of chains [ FOUND ]
- Checking for empty ruleset [ WARNING ]
- Checking for unused rules [ OK ]
- Checking host based firewall [ ACTIVE ]

[+] Software: webserver
------------------------------------
- Checking Apache (binary /usr/sbin/apache2) [ FOUND ]
Info: Configuration file found (/etc/apache2/apache2.conf)
Info: No virtual hosts found
* Loadable modules [ FOUND (119) ]
- Found 119 loadable modules
mod_evasive: anti-DoS/brute force [ NOT FOUND ]
mod_reqtimeout/mod_qos [ FOUND ]
ModSecurity: web application firewall [ NOT FOUND ]
- Checking nginx [ NOT FOUND ]

[+] SSH Support
------------------------------------
- Checking running SSH daemon [ FOUND ]
- Searching SSH configuration [ FOUND ]
- OpenSSH option: AllowTcpForwarding [ SUGGESTION ]
- OpenSSH option: ClientAliveCountMax [ SUGGESTION ]
- OpenSSH option: ClientAliveInterval [ OK ]
- OpenSSH option: Compression [ SUGGESTION ]
- OpenSSH option: FingerprintHash [ OK ]
- OpenSSH option: GatewayPorts [ OK ]
- OpenSSH option: IgnoreRhosts [ OK ]
- OpenSSH option: LoginGraceTime [ OK ]
- OpenSSH option: LogLevel [ OK ]
- OpenSSH option: MaxAuthTries [ OK ]
- OpenSSH option: MaxSessions [ SUGGESTION ]
- OpenSSH option: PermitRootLogin [ OK ]
- OpenSSH option: PermitUserEnvironment [ OK ]
- OpenSSH option: PermitTunnel [ OK ]
- OpenSSH option: Port [ SUGGESTION ]
- OpenSSH option: PrintLastLog [ OK ]
- OpenSSH option: StrictModes [ OK ]
- OpenSSH option: TCPKeepAlive [ SUGGESTION ]
- OpenSSH option: UseDNS [ OK ]
- OpenSSH option: X11Forwarding [ SUGGESTION ]
- OpenSSH option: AllowAgentForwarding [ SUGGESTION ]
- OpenSSH option: AllowUsers [ NOT FOUND ]
- OpenSSH option: AllowGroups [ FOUND ]

[+] SNMP Support
------------------------------------
- Checking running SNMP daemon [ NOT FOUND ]

[+] Databases
------------------------------------
No database engines found

[+] LDAP Services
------------------------------------
- Checking OpenLDAP instance [ NOT FOUND ]

[+] PHP
------------------------------------
- Checking PHP [ NOT FOUND ]

[+] Squid Support
------------------------------------
- Checking running Squid daemon [ NOT FOUND ]

[+] Logging and files
------------------------------------
- Checking for a running log daemon [ OK ]
- Checking Syslog-NG status [ NOT FOUND ]
- Checking systemd journal status [ FOUND ]
- Checking Metalog status [ NOT FOUND ]
- Checking RSyslog status [ FOUND ]
- Checking RFC 3195 daemon status [ NOT FOUND ]
- Checking minilogd instances [ NOT FOUND ]
- Checking logrotate presence [ OK ]
- Checking remote logging [ NOT ENABLED ]
- Checking log directories (static list) [ DONE ]
- Checking open log files [ DONE ]
- Checking deleted files in use [ FILES FOUND ]

[+] Insecure services
------------------------------------
- Installed inetd package [ NOT FOUND ]
- Installed xinetd package [ OK ]
- xinetd status
- Installed rsh client package [ OK ]
- Installed rsh server package [ OK ]
- Installed telnet client package [ OK ]
- Installed telnet server package [ NOT FOUND ]
- Checking NIS client installation [ OK ]
- Checking NIS server installation [ OK ]
- Checking TFTP client installation [ OK ]
- Checking TFTP server installation [ OK ]

[+] Banners and identification
------------------------------------
- /etc/issue [ FOUND ]
- /etc/issue contents [ WEAK ]
- /etc/issue.net [ FOUND ]
- /etc/issue.net contents [ WEAK ]

[+] Scheduled tasks
------------------------------------
- Checking crontab and cronjob files [ DONE ]
- Checking atd status [ NOT RUNNING ]

[+] Accounting
------------------------------------
- Checking accounting information [ NOT FOUND ]
- Checking sysstat accounting data [ NOT FOUND ]
- Checking auditd [ NOT FOUND ]

[+] Time and Synchronization
------------------------------------
- NTP daemon found: OpenNTPD [ FOUND ]
- Checking for a running NTP daemon or client [ OK ]

[+] Cryptography
------------------------------------
- Checking for expired SSL certificates [0/142] [ NONE ]
  [WARNING]: Test CRYP-7902 had a long execution: 10.800741 seconds
- Found 0 encrypted and 0 unencrypted swap devices in use. [ OK ]
- Kernel entropy is sufficient [ YES ]
- HW RNG & rngd [ NO ]
- SW prng [ NO ]
- MOR variable not found [ WEAK ]

[+] Virtualization
------------------------------------

[+] Containers
------------------------------------

[+] Security frameworks
------------------------------------
- Checking presence AppArmor [ FOUND ]
- Checking AppArmor status [ ENABLED ]
Found 40 unconfined processes
- Checking presence SELinux [ NOT FOUND ]
- Checking presence TOMOYO Linux [ NOT FOUND ]
- Checking presence grsecurity [ NOT FOUND ]
- Checking for implemented MAC framework [ OK ]

[+] Software: file integrity
------------------------------------
- Checking file integrity tools
- AFICK [ NOT FOUND ]
- AIDE [ FOUND ]
- AIDE config file [ FOUND ]
- AIDE database [ FOUND ]
- Osiris [ NOT FOUND ]
- Samhain [ NOT FOUND ]
- Tripwire [ NOT FOUND ]
- OSSEC [ NOT FOUND ]
- mtree [ NOT FOUND ]
- osquery daemon (syscheck) [ NOT FOUND ]
- dm-integrity (status) [ DISABLED ]
- dm-verity (status) [ DISABLED ]
- AIDE config (Checksum) [ OK ]
- Checking presence integrity tool [ FOUND ]

[+] Software: System tooling
------------------------------------
- Checking automation tooling
- Automation tooling [ NOT FOUND ]
- Checking for IDS/IPS tooling [ NONE ]

[+] Software: Malware
------------------------------------
- Checking Rootkit Hunter [ FOUND ]
- Malware software components [ FOUND ]
- Active agent [ NOT FOUND ]
- Rootkit scanner [ FOUND ]

[+] File Permissions
------------------------------------
- Starting file permissions check
File: /boot/grub/grub.cfg [ SUGGESTION ]
/boot/grub2/grub.cfg [ NOT FOUND ]
/boot/grub2/user.cfg [ NOT FOUND ]
/etc/at.allow [ NOT FOUND ]
/etc/at.deny [ NOT FOUND ]
/etc/cron.allow [ NOT FOUND ]
/etc/cron.deny [ NOT FOUND ]
File: /etc/crontab [ SUGGESTION ]
File: /etc/group [ OK ]
File: /etc/group- [ OK ]
File: /etc/hosts.allow [ OK ]
File: /etc/hosts.deny [ OK ]
File: /etc/issue [ OK ]
File: /etc/issue.net [ OK ]
/etc/lilo.conf [ NOT FOUND ]
/etc/motd [ NOT FOUND ]
File: /etc/passwd [ OK ]
File: /etc/passwd- [ OK ]
File: /etc/ssh/sshd_config [ SUGGESTION ]
/etc/hosts.equiv [ NOT FOUND ]
/etc/shosts.equiv [ NOT FOUND ]
/root/.rhosts [ NOT FOUND ]
/root/.rlogin [ NOT FOUND ]
/root/.shosts [ NOT FOUND ]
/root/.ssh [ NOT FOUND ]
Directory: /etc/cron.d [ SUGGESTION ]
Directory: /etc/cron.daily [ SUGGESTION ]
Directory: /etc/cron.hourly [ SUGGESTION ]
Directory: /etc/cron.weekly [ SUGGESTION ]
Directory: /etc/cron.monthly [ SUGGESTION ]

[+] Home directories
------------------------------------
- Permissions of home directories [ OK ]
- Ownership of home directories [ OK ]
- Checking shell history files [ OK ]

[+] Kernel Hardening
------------------------------------
- Comparing sysctl key pairs with scan profile
- dev.tty.ldisc_autoload (exp: 0) [ DIFFERENT ]
- fs.protected_fifos (exp: 2) [ DIFFERENT ]
- fs.protected_hardlinks (exp: 1) [ OK ]
- fs.protected_regular (exp: 2) [ OK ]
- fs.protected_symlinks (exp: 1) [ OK ]
- fs.suid_dumpable (exp: 0) [ DIFFERENT ]
- kernel.core_uses_pid (exp: 1) [ OK ]
- kernel.ctrl-alt-del (exp: 0) [ OK ]
- kernel.dmesg_restrict (exp: 1) [ OK ]
- kernel.kptr_restrict (exp: 2) [ DIFFERENT ]
- kernel.modules_disabled (exp: 1) [ DIFFERENT ]
- kernel.perf_event_paranoid (exp: 3) [ DIFFERENT ]
- kernel.randomize_va_space (exp: 2) [ OK ]
- kernel.sysrq (exp: 0) [ DIFFERENT ]
- kernel.unprivileged_bpf_disabled (exp: 1) [ DIFFERENT ]
- kernel.yama.ptrace_scope (exp: 1 2 3) [ OK ]
- net.core.bpf_jit_harden (exp: 2) [ DIFFERENT ]
- net.ipv4.conf.all.accept_redirects (exp: 0) [ DIFFERENT ]
- net.ipv4.conf.all.accept_source_route (exp: 0) [ OK ]
- net.ipv4.conf.all.bootp_relay (exp: 0) [ OK ]
- net.ipv4.conf.all.forwarding (exp: 0) [ OK ]
- net.ipv4.conf.all.log_martians (exp: 1) [ DIFFERENT ]
- net.ipv4.conf.all.mc_forwarding (exp: 0) [ OK ]
- net.ipv4.conf.all.proxy_arp (exp: 0) [ OK ]
- net.ipv4.conf.all.rp_filter (exp: 1) [ DIFFERENT ]
- net.ipv4.conf.all.send_redirects (exp: 0) [ DIFFERENT ]
- net.ipv4.conf.default.accept_redirects (exp: 0) [ DIFFERENT ]
- net.ipv4.conf.default.accept_source_route (exp: 0) [ OK ]
- net.ipv4.conf.default.log_martians (exp: 1) [ DIFFERENT ]
- net.ipv4.icmp_echo_ignore_broadcasts (exp: 1) [ OK ]
- net.ipv4.icmp_ignore_bogus_error_responses (exp: 1) [ OK ]
- net.ipv4.tcp_syncookies (exp: 1) [ OK ]
- net.ipv4.tcp_timestamps (exp: 0 1) [ OK ]
- net.ipv6.conf.all.accept_redirects (exp: 0) [ DIFFERENT ]
- net.ipv6.conf.all.accept_source_route (exp: 0) [ OK ]
- net.ipv6.conf.default.accept_redirects (exp: 0) [ DIFFERENT ]
- net.ipv6.conf.default.accept_source_route (exp: 0) [ OK ]

[+] Hardening
------------------------------------
- Installed compiler(s) [ FOUND ]
- Installed malware scanner [ FOUND ]
- Non-native binary formats [ NOT FOUND ]

[+] Custom tests
------------------------------------
- Running custom tests...  [ NONE ]

[+] Plugins (phase 2)
------------------------------------

================================================================================

  -[ Lynis 3.0.7 Results ]-

  Great, no warnings

  No suggestions

================================================================================

  Lynis security scan details:

  Hardening index : 65 [#############       ]
  Tests performed : 270
  Plugins enabled : 1

  Components:
  - Firewall               [V]
  - Malware scanner        [V]

  Scan mode:
  Normal [V]  Forensics [ ]  Integration [ ]  Pentest [ ]

  Lynis modules:
  - Compliance status      [?]
  - Security audit         [V]
  - Vulnerability scan     [V]

  Files:
  - Test and debug information      : /dev/null
  - Report data                     : /var/log/lynis-report.dat

================================================================================

  Lynis 3.0.7

  Auditing, system hardening, and compliance for UNIX-based systems
  (Linux, macOS, BSD, and others)

  2007-2021, CISOfy - https://cisofy.com/lynis/
  Enterprise support available (compliance, plugins, interface and tools)

================================================================================
  [TIP]: Enhance Lynis audits by adding your settings to custom.prf (see /etc/lynis/default.prf for all settings)
